<?xml version="1.0" encoding="UTF-8"?>
<!-- Generated by org.testng.reporters.JUnitReportReporter -->
<testsuite skipped="0" hostname="DESKTOP-9OVOBQD" name="Topics.javaScriptExecutor" tests="4" failures="0" timestamp="11 Dec 2018 15:48:07 GMT" time="6.591" errors="0">
  <testcase name="sendKeysMethod" time="0.066" classname="Topics.javaScriptExecutor"/>
  <testcase name="clickMethod" time="0.419" classname="Topics.javaScriptExecutor"/>
  <testcase name="elementHighLighter" time="3.080" classname="Topics.javaScriptExecutor"/>
  <testcase name="generatePopUpWindow" time="3.026" classname="Topics.javaScriptExecutor"/>
</testsuite> <!-- Topics.javaScriptExecutor -->
