<?xml version="1.0" encoding="UTF-8"?>
<!-- Generated by org.testng.reporters.JUnitReportReporter -->
<testsuite skipped="0" hostname="DESKTOP-9OVOBQD" name="Topics.multipleTabHandling" tests="1" failures="0" timestamp="11 Dec 2018 15:48:07 GMT" time="1.579" errors="0">
  <testcase name="multipleTabHandling" time="1.579" classname="Topics.multipleTabHandling"/>
</testsuite> <!-- Topics.multipleTabHandling -->
