<?xml version="1.0" encoding="UTF-8"?>
<!-- Generated by org.testng.reporters.JUnitReportReporter -->
<testsuite skipped="0" hostname="DESKTOP-9OVOBQD" name="Test.mainTest" tests="1" failures="0" timestamp="24 Dec 2018 14:57:12 GMT" time="22.676" errors="0">
  <testcase name="loginAs" time="22.676" classname="Test.mainTest"/>
</testsuite> <!-- Test.mainTest -->
