<?xml version="1.0" encoding="UTF-8"?>
<!-- Generated by org.testng.reporters.JUnitReportReporter -->
<testsuite hostname="DESKTOP-9OVOBQD" name="Topics.crossBrowsing" tests="2" failures="0" timestamp="5 Jul 2019 10:44:51 GMT" time="10.491" errors="0">
  <testcase name="start" time="6.415" classname="Topics.crossBrowsing"/>
  <testcase name="start" time="4.076" classname="Topics.crossBrowsing"/>
</testsuite> <!-- Topics.crossBrowsing -->
