<?xml version="1.0" encoding="UTF-8"?>
<!-- Generated by org.testng.reporters.JUnitReportReporter -->
<testsuite skipped="1" hostname="DESKTOP-9OVOBQD" name="Topics.mobileEmulation" tests="1" failures="0" timestamp="10 Dec 2018 15:13:44 GMT" time="0.000" errors="0">
  <testcase name="openBrowser" time="0.000" classname="Topics.mobileEmulation">
    <skipped/>
  </testcase> <!-- openBrowser -->
</testsuite> <!-- Topics.mobileEmulation -->
