<?xml version="1.0" encoding="UTF-8"?>
<!-- Generated by org.testng.reporters.JUnitReportReporter -->
<testsuite skipped="0" hostname="DESKTOP-9OVOBQD" name="Topics.crossBrowsing" tests="2" failures="0" timestamp="11 Dec 2018 15:48:07 GMT" time="6.700" errors="0">
  <testcase name="start" time="2.804" classname="Topics.crossBrowsing"/>
  <testcase name="start" time="3.896" classname="Topics.crossBrowsing"/>
</testsuite> <!-- Topics.crossBrowsing -->
