<?xml version="1.0" encoding="UTF-8"?>
<!-- Generated by org.testng.reporters.JUnitReportReporter -->
<testsuite skipped="0" hostname="DESKTOP-9OVOBQD" name="Topics.log4j" tests="2" failures="0" timestamp="11 Dec 2018 15:48:07 GMT" time="0.091" errors="0">
  <testcase name="log4jConfiguration" time="0.006" classname="Topics.log4j"/>
  <testcase name="log4jConfiguration" time="0.085" classname="Topics.log4j"/>
</testsuite> <!-- Topics.log4j -->
