<?xml version="1.0" encoding="UTF-8"?>
<!-- Generated by org.testng.reporters.JUnitReportReporter -->
<testsuite hostname="DESKTOP-HRIMAG0" name="Topics.log4j" tests="1" failures="0" timestamp="22 Aug 2019 06:58:01 GMT" time="0.139" errors="0">
  <testcase name="log4jConfiguration" time="0.139" classname="Topics.log4j"/>
</testsuite> <!-- Topics.log4j -->
