<?xml version="1.0" encoding="UTF-8"?>
<!-- Generated by org.testng.reporters.JUnitReportReporter -->
<testsuite skipped="0" hostname="DESKTOP-9OVOBQD" name="Topics.readingPropertyFiles" tests="1" failures="0" timestamp="07 Feb 2019 16:43:24 GMT" time="0.017" errors="0">
  <testcase name="name" time="0.017" classname="Topics.readingPropertyFiles"/>
</testsuite> <!-- Topics.readingPropertyFiles -->
